TN:
SF:/var/www/html/app-tpl/src/client/app/app.module.js
FN:1,(anonymous_1)
FNF:1
FNH:1
FNDA:1,(anonymous_1)
DA:1,1
DA:4,1
LF:2
LH:2
BRF:0
BRH:0
end_of_record
TN:
SF:/var/www/html/app-tpl/src/client/app/blocks/auth/auth.module.js
FN:1,(anonymous_1)
FN:14,run
FNF:2
FNH:2
FNDA:1,(anonymous_1)
FNDA:2,run
DA:1,1
DA:4,1
DA:13,1
DA:14,1
LF:4
LH:4
BRF:0
BRH:0
end_of_record
TN:
SF:/var/www/html/app-tpl/src/client/app/blocks/exception/exception.module.js
FN:1,(anonymous_1)
FNF:1
FNH:1
FNDA:1,(anonymous_1)
DA:1,1
DA:4,1
LF:2
LH:2
BRF:0
BRH:0
end_of_record
TN:
SF:/var/www/html/app-tpl/src/client/app/blocks/history/history.module.js
FN:1,(anonymous_1)
FN:12,run
FNF:2
FNH:2
FNDA:1,(anonymous_1)
FNDA:2,run
DA:1,1
DA:4,1
DA:11,1
DA:12,1
LF:4
LH:4
BRF:0
BRH:0
end_of_record
TN:
SF:/var/www/html/app-tpl/src/client/app/blocks/logger/logger.module.js
FN:1,(anonymous_1)
FNF:1
FNH:1
FNDA:1,(anonymous_1)
DA:1,1
DA:4,1
LF:2
LH:2
BRF:0
BRH:0
end_of_record
TN:
SF:/var/www/html/app-tpl/src/client/app/blocks/router/router.module.js
FN:1,(anonymous_1)
FNF:1
FNH:1
FNDA:1,(anonymous_1)
DA:1,1
DA:4,1
LF:2
LH:2
BRF:0
BRH:0
end_of_record
TN:
SF:/var/www/html/app-tpl/src/client/app/core/core.module.js
FN:1,(anonymous_1)
FNF:1
FNH:1
FNDA:1,(anonymous_1)
DA:1,1
DA:4,1
LF:2
LH:2
BRF:0
BRH:0
end_of_record
TN:
SF:/var/www/html/app-tpl/src/client/app/data/data.module.js
FN:1,(anonymous_1)
FNF:1
FNH:1
FNDA:1,(anonymous_1)
DA:1,1
DA:4,1
LF:2
LH:2
BRF:0
BRH:0
end_of_record
TN:
SF:/var/www/html/app-tpl/src/client/app/decorators/decorators.module.js
FN:1,(anonymous_1)
FNF:1
FNH:1
FNDA:1,(anonymous_1)
DA:1,1
DA:4,1
LF:2
LH:2
BRF:0
BRH:0
end_of_record
TN:
SF:/var/www/html/app-tpl/src/client/app/layout/layout.module.js
FN:1,(anonymous_1)
FNF:1
FNH:1
FNDA:1,(anonymous_1)
DA:1,1
DA:4,1
LF:2
LH:2
BRF:0
BRH:0
end_of_record
TN:
SF:/var/www/html/app-tpl/src/client/app/login/login.module.js
FN:1,(anonymous_1)
FNF:1
FNH:1
FNDA:1,(anonymous_1)
DA:1,1
DA:4,1
LF:2
LH:2
BRF:0
BRH:0
end_of_record
TN:
SF:/var/www/html/app-tpl/src/client/app/param/param.module.js
FN:1,(anonymous_1)
FNF:1
FNH:1
FNDA:1,(anonymous_1)
DA:1,1
DA:4,1
LF:2
LH:2
BRF:0
BRH:0
end_of_record
TN:
SF:/var/www/html/app-tpl/src/client/app/shared/shared.module.js
FN:1,(anonymous_1)
FNF:1
FNH:1
FNDA:1,(anonymous_1)
DA:1,1
DA:4,1
LF:2
LH:2
BRF:0
BRH:0
end_of_record
TN:
SF:/var/www/html/app-tpl/src/client/app/test/test.module.js
FN:1,(anonymous_1)
FNF:1
FNH:1
FNDA:1,(anonymous_1)
DA:1,1
DA:4,1
LF:2
LH:2
BRF:0
BRH:0
end_of_record
TN:
SF:/var/www/html/app-tpl/src/client/app/widgets/widgets.module.js
FN:1,(anonymous_1)
FNF:1
FNH:1
FNDA:1,(anonymous_1)
DA:1,1
DA:4,1
LF:2
LH:2
BRF:0
BRH:0
end_of_record
TN:
SF:/var/www/html/app-tpl/src/client/app/blocks/auth/auth.provider.js
FN:1,(anonymous_1)
FN:9,authProvider
FN:22,(anonymous_3)
FN:36,Auth
FN:61,auth
FN:71,successAuth
FN:76,failAuth
FN:86,logout
FN:97,setAuth
FN:108,getAuth
FN:112,init
FN:117,isAuthForRoute
FN:119,(anonymous_13)
FN:129,isTokenExpired
FN:131,(anonymous_15)
FNF:15
FNH:7
FNDA:1,(anonymous_1)
FNDA:2,authProvider
FNDA:2,(anonymous_3)
FNDA:2,Auth
FNDA:0,auth
FNDA:0,successAuth
FNDA:0,failAuth
FNDA:0,logout
FNDA:0,setAuth
FNDA:0,getAuth
FNDA:2,init
FNDA:2,isAuthForRoute
FNDA:0,(anonymous_13)
FNDA:2,isTokenExpired
FNDA:0,(anonymous_15)
DA:1,1
DA:4,1
DA:8,1
DA:9,1
DA:11,2
DA:22,2
DA:23,2
DA:26,2
DA:28,2
DA:36,1
DA:38,2
DA:46,2
DA:48,2
DA:61,1
DA:62,0
DA:71,1
DA:72,0
DA:73,0
DA:76,1
DA:77,0
DA:86,1
DA:87,0
DA:97,1
DA:98,0
DA:108,1
DA:109,0
DA:112,1
DA:113,2
DA:114,2
DA:117,1
DA:118,2
DA:120,0
DA:121,0
DA:122,0
DA:123,0
DA:129,1
DA:130,2
DA:132,0
DA:133,0
DA:134,0
DA:135,0
DA:136,0
DA:138,0
LF:43
LH:26
BRDA:120,1,0,0
BRDA:120,1,1,0
BRDA:120,2,0,0
BRDA:120,2,1,0
BRDA:120,2,2,0
BRDA:133,3,0,0
BRDA:133,3,1,0
BRDA:134,4,0,0
BRDA:134,4,1,0
BRF:9
BRH:0
end_of_record
TN:
SF:/var/www/html/app-tpl/src/client/app/blocks/exception/exception-handler.provider.js
FN:3,(anonymous_1)
FN:14,exceptionHandlerProvider
FN:20,(anonymous_3)
FN:24,(anonymous_4)
FN:37,config
FN:50,extendExceptionHandler
FN:51,(anonymous_7)
FNF:7
FNH:6
FNDA:1,(anonymous_1)
FNDA:2,exceptionHandlerProvider
FNDA:2,(anonymous_3)
FNDA:2,(anonymous_4)
FNDA:2,config
FNDA:2,extendExceptionHandler
FNDA:0,(anonymous_7)
DA:3,1
DA:6,1
DA:14,1
DA:16,2
DA:20,2
DA:21,2
DA:24,2
DA:25,2
DA:29,1
DA:37,1
DA:38,2
DA:41,1
DA:50,1
DA:51,2
DA:52,0
DA:53,0
DA:54,0
DA:55,0
DA:65,0
LF:19
LH:14
BRDA:52,1,0,0
BRDA:52,1,1,0
BRF:2
BRH:0
end_of_record
TN:
SF:/var/www/html/app-tpl/src/client/app/blocks/exception/exception.service.js
FN:1,(anonymous_1)
FN:9,exception
FN:15,catcher
FN:16,(anonymous_4)
FNF:4
FNH:2
FNDA:1,(anonymous_1)
FNDA:2,exception
FNDA:0,catcher
FNDA:0,(anonymous_4)
DA:1,1
DA:4,1
DA:8,1
DA:9,1
DA:10,2
DA:13,2
DA:15,1
DA:16,0
DA:17,0
DA:18,0
LF:10
LH:7
BRF:0
BRH:0
end_of_record
TN:
SF:/var/www/html/app-tpl/src/client/app/blocks/history/history.service.js
FN:1,(anonymous_1)
FN:9,history
FN:38,addToHistory
FN:58,hasHistoryBroken
FN:71,cleanUp
FN:85,savePath
FN:94,init
FN:99,setStore
FN:103,handleHistory
FN:105,(anonymous_10)
FN:125,getLast
FN:142,hasHistory
FNF:12
FNH:5
FNDA:1,(anonymous_1)
FNDA:2,history
FNDA:0,addToHistory
FNDA:0,hasHistoryBroken
FNDA:0,cleanUp
FNDA:0,savePath
FNDA:2,init
FNDA:2,setStore
FNDA:2,handleHistory
FNDA:0,(anonymous_10)
FNDA:0,getLast
FNDA:0,hasHistory
DA:1,1
DA:4,1
DA:8,1
DA:9,1
DA:11,2
DA:12,2
DA:13,2
DA:15,2
DA:22,2
DA:24,2
DA:38,1
DA:39,0
DA:40,0
DA:41,0
DA:42,0
DA:43,0
DA:44,0
DA:46,0
DA:47,0
DA:48,0
DA:58,1
DA:59,0
DA:60,0
DA:71,1
DA:72,0
DA:73,0
DA:85,1
DA:86,0
DA:94,1
DA:95,2
DA:96,2
DA:99,1
DA:100,2
DA:103,1
DA:104,2
DA:106,0
DA:107,0
DA:111,0
DA:125,1
DA:126,0
DA:127,0
DA:128,0
DA:129,0
DA:130,0
DA:142,1
DA:143,0
LF:46
LH:23
BRDA:40,1,0,0
BRDA:40,1,1,0
BRDA:59,2,0,0
BRDA:59,2,1,0
BRDA:59,3,0,0
BRDA:59,3,1,0
BRDA:59,3,2,0
BRDA:106,4,0,0
BRDA:106,4,1,0
BRF:9
BRH:0
end_of_record
TN:
SF:/var/www/html/app-tpl/src/client/app/blocks/history/historyStorage.service.js
FN:1,(anonymous_1)
FN:9,historyStorage
FN:32,init
FN:47,set
FN:63,get
FN:67,(anonymous_6)
FN:82,remove
FNF:7
FNH:3
FNDA:1,(anonymous_1)
FNDA:2,historyStorage
FNDA:2,init
FNDA:0,set
FNDA:0,get
FNDA:0,(anonymous_6)
FNDA:0,remove
DA:1,1
DA:4,1
DA:8,1
DA:9,1
DA:11,2
DA:13,2
DA:20,2
DA:22,2
DA:32,1
DA:33,2
DA:47,1
DA:48,0
DA:49,0
DA:50,0
DA:51,0
DA:63,1
DA:64,0
DA:65,0
DA:66,0
DA:67,0
DA:68,0
DA:71,0
DA:82,1
DA:83,0
DA:84,0
DA:85,0
LF:26
LH:13
BRDA:66,1,0,0
BRDA:66,1,1,0
BRDA:66,2,0,0
BRDA:66,2,1,0
BRF:4
BRH:0
end_of_record
TN:
SF:/var/www/html/app-tpl/src/client/app/blocks/history/navigationHelper.service.js
FN:1,(anonymous_1)
FN:9,navigationHelper
FN:31,openChild
FN:47,hasBack
FN:66,back
FN:82,isModal
FNF:6
FNH:1
FNDA:1,(anonymous_1)
FNDA:0,navigationHelper
FNDA:0,openChild
FNDA:0,hasBack
FNDA:0,back
FNDA:0,isModal
DA:1,1
DA:4,1
DA:8,1
DA:9,1
DA:10,0
DA:17,0
DA:31,1
DA:32,0
DA:33,0
DA:47,1
DA:48,0
DA:49,0
DA:50,0
DA:51,0
DA:53,0
DA:55,0
DA:66,1
DA:67,0
DA:68,0
DA:69,0
DA:82,1
DA:83,0
LF:22
LH:8
BRDA:49,1,0,0
BRDA:49,1,1,0
BRDA:67,2,0,0
BRDA:67,2,1,0
BRF:4
BRH:0
end_of_record
TN:
SF:/var/www/html/app-tpl/src/client/app/blocks/logger/logger.service.js
FN:1,(anonymous_1)
FN:11,logger
FN:27,error
FN:32,info
FN:37,success
FN:42,warning
FNF:6
FNH:2
FNDA:1,(anonymous_1)
FNDA:2,logger
FNDA:0,error
FNDA:0,info
FNDA:0,success
FNDA:0,warning
DA:1,1
DA:4,1
DA:8,1
DA:11,1
DA:12,2
DA:24,2
DA:27,1
DA:28,0
DA:29,0
DA:32,1
DA:33,0
DA:34,0
DA:37,1
DA:38,0
DA:39,0
DA:42,1
DA:43,0
DA:44,0
LF:18
LH:10
BRF:0
BRH:0
end_of_record
TN:
SF:/var/www/html/app-tpl/src/client/app/blocks/router/router-helper.provider.js
FN:2,(anonymous_1)
FN:11,routerHelperProvider
FN:20,(anonymous_3)
FN:27,RouterHelper
FN:47,configureStates
FN:48,(anonymous_6)
FN:59,handleRoutingErrors
FN:64,(anonymous_8)
FN:82,init
FN:87,getStates
FN:89,updateDocTitle
FN:94,updateData
FN:96,(anonymous_13)
FNF:13
FNH:9
FNDA:1,(anonymous_1)
FNDA:2,routerHelperProvider
FNDA:2,(anonymous_3)
FNDA:2,RouterHelper
FNDA:2,configureStates
FNDA:2,(anonymous_6)
FNDA:2,handleRoutingErrors
FNDA:0,(anonymous_8)
FNDA:2,init
FNDA:0,getStates
FNDA:0,updateDocTitle
FNDA:2,updateData
FNDA:0,(anonymous_13)
DA:2,1
DA:5,1
DA:9,1
DA:11,1
DA:13,2
DA:18,2
DA:20,2
DA:21,2
DA:24,2
DA:25,2
DA:27,1
DA:28,2
DA:29,2
DA:30,2
DA:35,2
DA:41,2
DA:43,2
DA:47,1
DA:48,2
DA:49,2
DA:51,2
DA:53,2
DA:54,0
DA:55,0
DA:59,1
DA:63,2
DA:65,0
DA:66,0
DA:68,0
DA:69,0
DA:70,0
DA:73,0
DA:76,0
DA:77,0
DA:82,1
DA:83,2
DA:84,2
DA:87,1
DA:89,1
DA:90,0
DA:91,0
DA:94,1
DA:95,2
DA:97,0
DA:98,0
DA:99,0
DA:100,0
LF:47
LH:31
BRDA:50,1,0,2
BRDA:50,1,1,0
BRDA:53,2,0,0
BRDA:53,2,1,2
BRDA:53,3,0,2
BRDA:53,3,1,0
BRDA:65,4,0,0
BRDA:65,4,1,0
BRDA:70,5,0,0
BRDA:70,5,1,0
BRDA:70,5,2,0
BRDA:70,5,3,0
BRDA:70,5,4,0
BRDA:74,6,0,0
BRDA:74,6,1,0
BRDA:74,7,0,0
BRDA:74,7,1,0
BRDA:75,8,0,0
BRDA:75,8,1,0
BRDA:90,9,0,0
BRDA:90,9,1,0
BRF:21
BRH:3
end_of_record
TN:
SF:/var/www/html/app-tpl/src/client/app/core/common.js
FN:1,(anonymous_1)
FN:9,common
FN:26,$broadcast
FN:30,isNumber
FN:35,textContains
FNF:5
FNH:2
FNDA:1,(anonymous_1)
FNDA:2,common
FNDA:0,$broadcast
FNDA:0,isNumber
FNDA:0,textContains
DA:1,1
DA:4,1
DA:8,1
DA:9,1
DA:11,2
DA:22,2
DA:26,1
DA:27,0
DA:30,1
DA:32,0
DA:35,1
DA:36,0
LF:12
LH:9
BRDA:36,1,0,0
BRDA:36,1,1,0
BRF:2
BRH:0
end_of_record
TN:
SF:/var/www/html/app-tpl/src/client/app/core/config.js
FN:1,(anonymous_1)
FN:10,toastrConfig
FN:36,configure
FN:50,configureExceptionHandler
FN:54,configureStore
FN:58,configureAuth
FN:64,forTokenGetter
FN:79,configureRouterHelper
FN:86,ready
FNF:9
FNH:7
FNDA:1,(anonymous_1)
FNDA:2,toastrConfig
FNDA:2,configure
FNDA:2,configureExceptionHandler
FNDA:2,configureStore
FNDA:2,configureAuth
FNDA:0,forTokenGetter
FNDA:2,configureRouterHelper
FNDA:0,ready
DA:1,1
DA:4,1
DA:6,1
DA:8,1
DA:10,1
DA:11,2
DA:12,2
DA:15,1
DA:28,1
DA:30,1
DA:32,1
DA:36,1
DA:39,2
DA:40,2
DA:43,2
DA:44,2
DA:45,2
DA:46,2
DA:50,1
DA:51,2
DA:54,1
DA:55,2
DA:58,1
DA:59,2
DA:60,2
DA:62,2
DA:64,1
DA:65,0
DA:68,2
DA:79,1
DA:80,2
DA:84,2
DA:86,1
DA:91,2
LF:34
LH:33
BRDA:39,1,0,2
BRDA:39,1,1,0
BRF:2
BRH:1
end_of_record
TN:
SF:/var/www/html/app-tpl/src/client/app/core/constants.js
FN:2,(anonymous_1)
FNF:1
FNH:1
FNDA:1,(anonymous_1)
DA:2,1
DA:5,1
LF:2
LH:2
BRF:0
BRH:0
end_of_record
TN:
SF:/var/www/html/app-tpl/src/client/app/data/datacontext.js
FN:1,(anonymous_1)
FN:10,datacontext
FN:29,init
FN:34,defineLazyLoadedRepos
FN:35,(anonymous_5)
FN:38,(anonymous_6)
FN:56,getRepo
FN:62,prime
FN:71,success
FN:77,ready
FN:81,(anonymous_11)
FNF:11
FNH:5
FNDA:1,(anonymous_1)
FNDA:2,datacontext
FNDA:2,init
FNDA:2,defineLazyLoadedRepos
FNDA:2,(anonymous_5)
FNDA:0,(anonymous_6)
FNDA:0,getRepo
FNDA:0,prime
FNDA:0,success
FNDA:0,ready
FNDA:0,(anonymous_11)
DA:1,1
DA:4,1
DA:8,1
DA:10,1
DA:12,2
DA:13,2
DA:14,2
DA:15,2
DA:16,2
DA:18,2
DA:23,2
DA:25,2
DA:29,1
DA:30,2
DA:34,1
DA:35,2
DA:36,2
DA:41,0
DA:44,0
DA:49,0
DA:56,1
DA:57,0
DA:58,0
DA:59,0
DA:62,1
DA:64,0
DA:65,0
DA:68,0
DA:69,0
DA:71,1
DA:72,0
DA:77,1
DA:78,0
DA:80,0
DA:82,0
LF:35
LH:21
BRDA:64,1,0,0
BRDA:64,1,1,0
BRDA:78,2,0,0
BRDA:78,2,1,0
BRF:4
BRH:0
end_of_record
TN:
SF:/var/www/html/app-tpl/src/client/app/data/repositories/repository.user.js
FN:1,(anonymous_1)
FN:9,RepositoryUser
FN:17,createRepo
FN:28,updateMe
FN:35,(anonymous_5)
FN:39,putComplete
FN:44,destroyUserLogged
FN:48,getUserStore
FN:52,setUserLogged
FN:56,success
FN:59,(anonymous_11)
FN:65,getUserLogged
FN:73,getUserLoggedComplete
FN:77,fail
FNF:14
FNH:1
FNDA:1,(anonymous_1)
FNDA:0,RepositoryUser
FNDA:0,createRepo
FNDA:0,updateMe
FNDA:0,(anonymous_5)
FNDA:0,putComplete
FNDA:0,destroyUserLogged
FNDA:0,getUserStore
FNDA:0,setUserLogged
FNDA:0,success
FNDA:0,(anonymous_11)
FNDA:0,getUserLogged
FNDA:0,getUserLoggedComplete
FNDA:0,fail
DA:1,1
DA:4,1
DA:8,1
DA:9,1
DA:10,0
DA:14,0
DA:17,1
DA:19,0
DA:26,0
DA:28,1
DA:29,0
DA:36,0
DA:39,1
DA:40,0
DA:44,1
DA:45,0
DA:48,1
DA:49,0
DA:52,1
DA:53,0
DA:56,1
DA:57,0
DA:60,0
DA:65,1
DA:66,0
DA:73,1
DA:74,0
DA:77,1
DA:78,0
LF:29
LH:14
BRDA:49,1,0,0
BRDA:49,1,1,0
BRF:2
BRH:0
end_of_record
TN:
SF:/var/www/html/app-tpl/src/client/app/data/repository.user.js
FN:1,(anonymous_1)
FN:9,RepositoryUser
FN:17,createRepo
FN:28,updateMe
FN:35,(anonymous_5)
FN:39,putComplete
FN:44,destroyUserLogged
FN:48,getUserStore
FN:52,setUserLogged
FN:56,success
FN:59,(anonymous_11)
FN:65,getUserLogged
FN:73,getUserLoggedComplete
FN:77,fail
FNF:14
FNH:1
FNDA:1,(anonymous_1)
FNDA:0,RepositoryUser
FNDA:0,createRepo
FNDA:0,updateMe
FNDA:0,(anonymous_5)
FNDA:0,putComplete
FNDA:0,destroyUserLogged
FNDA:0,getUserStore
FNDA:0,setUserLogged
FNDA:0,success
FNDA:0,(anonymous_11)
FNDA:0,getUserLogged
FNDA:0,getUserLoggedComplete
FNDA:0,fail
DA:1,1
DA:4,1
DA:8,1
DA:9,1
DA:10,0
DA:14,0
DA:17,1
DA:19,0
DA:26,0
DA:28,1
DA:29,0
DA:36,0
DA:39,1
DA:40,0
DA:44,1
DA:45,0
DA:48,1
DA:49,0
DA:52,1
DA:53,0
DA:56,1
DA:57,0
DA:60,0
DA:65,1
DA:66,0
DA:73,1
DA:74,0
DA:77,1
DA:78,0
LF:29
LH:14
BRDA:49,1,0,0
BRDA:49,1,1,0
BRF:2
BRH:0
end_of_record
TN:
SF:/var/www/html/app-tpl/src/client/app/decorators/autofocus.directive.js
FN:1,(anonymous_1)
FN:9,autofocus
FN:15,link
FN:18,(anonymous_4)
FNF:4
FNH:1
FNDA:1,(anonymous_1)
FNDA:0,autofocus
FNDA:0,link
FNDA:0,(anonymous_4)
DA:1,1
DA:4,1
DA:8,1
DA:9,1
DA:10,0
DA:15,1
DA:16,0
DA:17,0
DA:19,0
LF:9
LH:5
BRDA:16,1,0,0
BRDA:16,1,1,0
BRF:2
BRH:0
end_of_record
TN:
SF:/var/www/html/app-tpl/src/client/app/decorators/click-and-disable.directive.js
FN:1,(anonymous_1)
FN:9,clickAndDisable
FN:23,link
FN:24,(anonymous_4)
FN:28,(anonymous_5)
FNF:5
FNH:1
FNDA:1,(anonymous_1)
FNDA:0,clickAndDisable
FNDA:0,link
FNDA:0,(anonymous_4)
FNDA:0,(anonymous_5)
DA:1,1
DA:4,1
DA:8,1
DA:9,1
DA:14,0
DA:21,0
DA:23,1
DA:24,0
DA:25,0
DA:26,0
DA:27,0
DA:28,0
DA:29,0
LF:13
LH:5
BRDA:26,1,0,0
BRDA:26,1,1,0
BRF:2
BRH:0
end_of_record
TN:
SF:/var/www/html/app-tpl/src/client/app/decorators/da-auth.directive.js
FN:1,(anonymous_1)
FN:10,daAuth
FN:27,link
FN:29,(anonymous_4)
FN:33,determineVisibility
FN:41,makeVisible
FN:45,makeHidden
FNF:7
FNH:1
FNDA:1,(anonymous_1)
FNDA:0,daAuth
FNDA:0,link
FNDA:0,(anonymous_4)
FNDA:0,determineVisibility
FNDA:0,makeVisible
FNDA:0,makeHidden
DA:1,1
DA:4,1
DA:8,1
DA:10,1
DA:21,0
DA:25,0
DA:27,1
DA:28,0
DA:29,0
DA:30,0
DA:33,1
DA:34,0
DA:35,0
DA:37,0
DA:41,1
DA:42,0
DA:45,1
DA:46,0
LF:18
LH:8
BRDA:34,1,0,0
BRDA:34,1,1,0
BRDA:34,2,0,0
BRDA:34,2,1,0
BRF:4
BRH:0
end_of_record
TN:
SF:/var/www/html/app-tpl/src/client/app/decorators/string-to-number.directive.js
FN:1,(anonymous_1)
FN:9,stringToNumber
FN:12,(anonymous_3)
FN:13,(anonymous_4)
FN:16,(anonymous_5)
FNF:5
FNH:1
FNDA:1,(anonymous_1)
FNDA:0,stringToNumber
FNDA:0,(anonymous_3)
FNDA:0,(anonymous_4)
FNDA:0,(anonymous_5)
DA:1,1
DA:4,1
DA:8,1
DA:9,1
DA:10,0
DA:13,0
DA:14,0
DA:16,0
DA:17,0
LF:9
LH:4
BRF:0
BRH:0
end_of_record
TN:
SF:/var/www/html/app-tpl/src/client/app/layout/da-collapse.directive.js
FN:1,(anonymous_1)
FN:6,daCollapse
FN:9,(anonymous_3)
FN:10,(anonymous_4)
FNF:4
FNH:1
FNDA:1,(anonymous_1)
FNDA:0,daCollapse
FNDA:0,(anonymous_3)
FNDA:0,(anonymous_4)
DA:1,1
DA:3,1
DA:6,1
DA:7,0
DA:10,0
DA:11,0
LF:6
LH:3
BRF:0
BRH:0
end_of_record
TN:
SF:/var/www/html/app-tpl/src/client/app/layout/da-submenu.directive.js
FN:1,(anonymous_1)
FN:6,daSubmenu
FN:9,(anonymous_3)
FN:10,(anonymous_4)
FNF:4
FNH:1
FNDA:1,(anonymous_1)
FNDA:0,daSubmenu
FNDA:0,(anonymous_3)
FNDA:0,(anonymous_4)
DA:1,1
DA:3,1
DA:6,1
DA:7,0
DA:10,0
DA:11,0
DA:12,0
DA:13,0
DA:14,0
LF:9
LH:3
BRF:0
BRH:0
end_of_record
TN:
SF:/var/www/html/app-tpl/src/client/app/layout/da-top-nav.directive.js
FN:1,(anonymous_1)
FN:9,daTopNav
FN:28,link
FN:34,TopNavController
FN:40,isEnabled
FN:44,notYet
FNF:6
FNH:1
FNDA:1,(anonymous_1)
FNDA:0,daTopNav
FNDA:0,link
FNDA:0,TopNavController
FNDA:0,isEnabled
FNDA:0,notYet
DA:1,1
DA:4,1
DA:8,1
DA:9,1
DA:14,0
DA:26,0
DA:28,1
DA:32,1
DA:34,1
DA:35,0
DA:36,0
DA:37,0
DA:38,0
DA:40,1
DA:41,0
DA:44,1
DA:45,0
LF:17
LH:9
BRF:0
BRH:0
end_of_record
TN:
SF:/var/www/html/app-tpl/src/client/app/layout/shell.controller.js
FN:1,(anonymous_1)
FN:9,ShellController
FN:22,activate
FN:26,setUser
FN:27,(anonymous_5)
FNF:5
FNH:1
FNDA:1,(anonymous_1)
FNDA:0,ShellController
FNDA:0,activate
FNDA:0,setUser
FNDA:0,(anonymous_5)
DA:1,1
DA:4,1
DA:8,1
DA:9,1
DA:11,0
DA:12,0
DA:13,0
DA:16,0
DA:18,0
DA:22,1
DA:23,0
DA:26,1
DA:27,0
DA:28,0
LF:14
LH:6
BRF:0
BRH:0
end_of_record
TN:
SF:/var/www/html/app-tpl/src/client/app/login/login.controller.js
FN:1,(anonymous_1)
FN:9,LoginController
FN:19,activate
FN:22,authenticate
FN:33,setUserLogged
FN:37,success
FNF:6
FNH:1
FNDA:1,(anonymous_1)
FNDA:0,LoginController
FNDA:0,activate
FNDA:0,authenticate
FNDA:0,setUserLogged
FNDA:0,success
DA:1,1
DA:4,1
DA:8,1
DA:9,1
DA:11,0
DA:12,0
DA:13,0
DA:15,0
DA:19,1
DA:22,1
DA:23,0
DA:24,0
DA:28,0
DA:33,1
DA:34,0
DA:37,1
DA:38,0
DA:39,0
DA:40,0
LF:19
LH:8
BRDA:23,1,0,0
BRDA:23,1,1,0
BRF:2
BRH:0
end_of_record
TN:
SF:/var/www/html/app-tpl/src/client/app/login/login.route.js
FN:1,(anonymous_1)
FN:10,appRun
FN:14,getStates
FN:26,(anonymous_4)
FNF:4
FNH:3
FNDA:1,(anonymous_1)
FNDA:2,appRun
FNDA:2,getStates
FNDA:0,(anonymous_4)
DA:1,1
DA:4,1
DA:8,1
DA:10,1
DA:11,2
DA:14,1
DA:15,2
DA:27,0
DA:28,0
LF:9
LH:7
BRF:0
BRH:0
end_of_record
TN:
SF:/var/www/html/app-tpl/src/client/app/param/param.controller.js
FN:1,(anonymous_1)
FN:9,ParamController
FN:15,(anonymous_3)
FN:24,activate
FNF:4
FNH:1
FNDA:1,(anonymous_1)
FNDA:0,ParamController
FNDA:0,(anonymous_3)
FNDA:0,activate
DA:1,1
DA:4,1
DA:8,1
DA:9,1
DA:10,0
DA:11,0
DA:12,0
DA:13,0
DA:15,0
DA:16,0
DA:17,0
DA:20,0
DA:24,1
LF:13
LH:5
BRF:0
BRH:0
end_of_record
TN:
SF:/var/www/html/app-tpl/src/client/app/param/param.route.js
FN:1,(anonymous_1)
FN:10,appRun
FN:14,getStates
FNF:3
FNH:1
FNDA:1,(anonymous_1)
FNDA:0,appRun
FNDA:0,getStates
DA:1,1
DA:4,1
DA:8,1
DA:10,1
DA:11,0
DA:14,1
DA:15,0
LF:7
LH:5
BRF:0
BRH:0
end_of_record
TN:
SF:/var/www/html/app-tpl/src/client/app/shared/broadcast.service.js
FN:1,(anonymous_1)
FN:9,broadcast
FN:19,broadcastUserLogged
FN:23,broadcastProductSelected
FNF:4
FNH:2
FNDA:1,(anonymous_1)
FNDA:2,broadcast
FNDA:0,broadcastUserLogged
FNDA:0,broadcastProductSelected
DA:1,1
DA:4,1
DA:8,1
DA:9,1
DA:10,2
DA:15,2
DA:19,1
DA:20,0
DA:23,1
DA:24,0
LF:10
LH:8
BRF:0
BRH:0
end_of_record
TN:
SF:/var/www/html/app-tpl/src/client/app/shared/constants.js
FN:1,(anonymous_1)
FNF:1
FNH:1
FNDA:1,(anonymous_1)
DA:1,1
DA:4,1
LF:2
LH:2
BRF:0
BRH:0
end_of_record
TN:
SF:/var/www/html/app-tpl/src/client/app/shared/custom-currency.filter.js
FN:1,(anonymous_1)
FN:8,customCurrency
FN:12,fu
FNF:3
FNH:1
FNDA:1,(anonymous_1)
FNDA:0,customCurrency
FNDA:0,fu
DA:1,1
DA:3,1
DA:7,1
DA:8,1
DA:10,0
DA:12,1
DA:13,0
LF:7
LH:5
BRDA:13,1,0,0
BRDA:13,1,1,0
BRF:2
BRH:0
end_of_record
TN:
SF:/var/www/html/app-tpl/src/client/app/shared/date.service.js
FN:1,(anonymous_1)
FN:9,dateService
FN:17,fix
FNF:3
FNH:1
FNDA:1,(anonymous_1)
FNDA:0,dateService
FNDA:0,fix
DA:1,1
DA:4,1
DA:8,1
DA:9,1
DA:10,0
DA:14,0
DA:17,1
DA:18,0
DA:19,0
DA:21,0
LF:10
LH:5
BRDA:18,1,0,0
BRDA:18,1,1,0
BRDA:18,2,0,0
BRDA:18,2,1,0
BRF:4
BRH:0
end_of_record
TN:
SF:/var/www/html/app-tpl/src/client/app/shared/dict.filter.js
FN:1,(anonymous_1)
FN:7,dict
FN:8,(anonymous_3)
FNF:3
FNH:1
FNDA:1,(anonymous_1)
FNDA:0,dict
FNDA:0,(anonymous_3)
DA:1,1
DA:3,1
DA:6,1
DA:7,1
DA:8,0
DA:9,0
LF:6
LH:4
BRDA:9,1,0,0
BRDA:9,1,1,0
BRF:2
BRH:0
end_of_record
TN:
SF:/var/www/html/app-tpl/src/client/app/shared/label-case.filter.js
FN:1,(anonymous_1)
FN:6,labelCase
FN:7,(anonymous_3)
FNF:3
FNH:1
FNDA:1,(anonymous_1)
FNDA:0,labelCase
FNDA:0,(anonymous_3)
DA:1,1
DA:3,1
DA:6,1
DA:7,0
DA:8,0
DA:9,0
LF:6
LH:3
BRF:0
BRH:0
end_of_record
TN:
SF:/var/www/html/app-tpl/src/client/app/shared/pdf-helper.service.js
FN:1,(anonymous_1)
FN:9,pdfHelper
FN:21,open
FN:25,newPdf
FN:29,getUrl
FN:33,openNewPdf
FNF:6
FNH:1
FNDA:1,(anonymous_1)
FNDA:0,pdfHelper
FNDA:0,open
FNDA:0,newPdf
FNDA:0,getUrl
FNDA:0,openNewPdf
DA:1,1
DA:4,1
DA:8,1
DA:9,1
DA:11,0
DA:18,0
DA:21,1
DA:22,0
DA:25,1
DA:26,0
DA:29,1
DA:30,0
DA:33,1
DA:34,0
LF:14
LH:8
BRF:0
BRH:0
end_of_record
TN:
SF:/var/www/html/app-tpl/src/client/app/shared/text-format.service.js
FN:1,(anonymous_1)
FN:9,textFormatService
FN:17,periodoToString
FNF:3
FNH:1
FNDA:1,(anonymous_1)
FNDA:0,textFormatService
FNDA:0,periodoToString
DA:1,1
DA:4,1
DA:8,1
DA:9,1
DA:10,0
DA:14,0
DA:17,1
DA:18,0
DA:21,0
DA:24,0
DA:25,0
DA:26,0
DA:28,0
DA:29,0
DA:31,0
DA:32,0
DA:34,0
DA:35,0
DA:37,0
LF:19
LH:5
BRDA:18,1,0,0
BRDA:18,1,1,0
BRDA:18,2,0,0
BRDA:18,2,1,0
BRDA:21,3,0,0
BRDA:21,3,1,0
BRDA:21,4,0,0
BRDA:21,4,1,0
BRDA:25,5,0,0
BRDA:25,5,1,0
BRDA:28,6,0,0
BRDA:28,6,1,0
BRDA:31,7,0,0
BRDA:31,7,1,0
BRDA:31,8,0,0
BRDA:31,8,1,0
BRDA:34,9,0,0
BRDA:34,9,1,0
BRDA:34,10,0,0
BRDA:34,10,1,0
BRF:20
BRH:0
end_of_record
TN:
SF:/var/www/html/app-tpl/src/client/app/shared/uid.service.js
FN:2,(anonymous_1)
FN:10,uid
FN:32,get
FN:41,leftPad
FNF:4
FNH:1
FNDA:1,(anonymous_1)
FNDA:0,uid
FNDA:0,get
FNDA:0,leftPad
DA:2,1
DA:5,1
DA:9,1
DA:10,1
DA:12,0
DA:25,0
DA:29,0
DA:32,1
DA:33,0
DA:34,0
DA:35,0
DA:36,0
DA:38,0
DA:41,1
DA:43,0
DA:46,0
DA:47,0
DA:48,0
DA:52,0
DA:53,0
DA:55,0
DA:56,0
DA:57,0
DA:59,0
DA:60,0
DA:61,0
DA:62,0
DA:64,0
DA:65,0
DA:66,0
DA:69,0
DA:72,0
LF:32
LH:6
BRDA:33,1,0,0
BRDA:33,1,1,0
BRDA:34,2,0,0
BRDA:34,2,1,0
BRDA:35,3,0,0
BRDA:35,3,1,0
BRDA:36,4,0,0
BRDA:36,4,1,0
BRDA:47,5,0,0
BRDA:47,5,1,0
BRDA:52,6,0,0
BRDA:52,6,1,0
BRDA:52,7,0,0
BRDA:52,7,1,0
BRDA:56,8,0,0
BRDA:56,8,1,0
BRDA:56,9,0,0
BRDA:56,9,1,0
BRDA:61,10,0,0
BRDA:61,10,1,0
BRDA:65,11,0,0
BRDA:65,11,1,0
BRF:22
BRH:0
end_of_record
TN:
SF:/var/www/html/app-tpl/src/client/app/shared/validate.service.js
FN:1,(anonymous_1)
FN:9,validateService
FN:22,resetForm
FN:27,validateElement
FN:42,simpleElementValidate
FN:56,validateForm
FN:66,detail
FN:72,showError
FNF:8
FNH:1
FNDA:1,(anonymous_1)
FNDA:0,validateService
FNDA:0,resetForm
FNDA:0,validateElement
FNDA:0,simpleElementValidate
FNDA:0,validateForm
FNDA:0,detail
FNDA:0,showError
DA:1,1
DA:4,1
DA:8,1
DA:9,1
DA:10,0
DA:18,0
DA:22,1
DA:23,0
DA:24,0
DA:27,1
DA:28,0
DA:29,0
DA:33,0
DA:34,0
DA:35,0
DA:36,0
DA:39,0
DA:42,1
DA:43,0
DA:44,0
DA:47,0
DA:48,0
DA:49,0
DA:50,0
DA:53,0
DA:56,1
DA:57,0
DA:58,0
DA:59,0
DA:63,0
DA:66,1
DA:67,0
DA:68,0
DA:72,1
DA:73,0
LF:35
LH:10
BRDA:29,1,0,0
BRDA:29,1,1,0
BRDA:29,2,0,0
BRDA:29,2,1,0
BRDA:29,2,2,0
BRDA:33,3,0,0
BRDA:33,3,1,0
BRDA:33,4,0,0
BRDA:33,4,1,0
BRDA:35,5,0,0
BRDA:35,5,1,0
BRDA:35,6,0,0
BRDA:35,6,1,0
BRDA:44,7,0,0
BRDA:44,7,1,0
BRDA:44,8,0,0
BRDA:44,8,1,0
BRDA:47,9,0,0
BRDA:47,9,1,0
BRDA:49,10,0,0
BRDA:49,10,1,0
BRDA:58,11,0,0
BRDA:58,11,1,0
BRDA:67,12,0,0
BRDA:67,12,1,0
BRDA:67,13,0,0
BRDA:67,13,1,0
BRF:27
BRH:0
end_of_record
TN:
SF:/var/www/html/app-tpl/src/client/app/test/test.controller.js
FN:1,(anonymous_1)
FN:9,TestController
FN:16,activate
FNF:3
FNH:1
FNDA:1,(anonymous_1)
FNDA:0,TestController
FNDA:0,activate
DA:1,1
DA:4,1
DA:8,1
DA:9,1
DA:10,0
DA:12,0
DA:16,1
LF:7
LH:5
BRF:0
BRH:0
end_of_record
TN:
SF:/var/www/html/app-tpl/src/client/app/test/test.route.js
FN:1,(anonymous_1)
FN:10,appRun
FN:14,getStates
FNF:3
FNH:1
FNDA:1,(anonymous_1)
FNDA:0,appRun
FNDA:0,getStates
DA:1,1
DA:4,1
DA:8,1
DA:10,1
DA:11,0
DA:14,1
DA:15,0
LF:7
LH:5
BRF:0
BRH:0
end_of_record
TN:
SF:/var/www/html/app-tpl/src/client/app/widgets/buttons/da-cancel-button.directive.js
FN:1,(anonymous_1)
FN:9,daCancelButton
FN:28,link
FN:32,CancelButtonController
FNF:4
FNH:1
FNDA:1,(anonymous_1)
FNDA:0,daCancelButton
FNDA:0,link
FNDA:0,CancelButtonController
DA:1,1
DA:4,1
DA:8,1
DA:9,1
DA:14,0
DA:26,0
DA:28,1
DA:32,1
LF:8
LH:6
BRF:0
BRH:0
end_of_record
TN:
SF:/var/www/html/app-tpl/src/client/app/widgets/buttons/da-delete-button.directive.js
FN:1,(anonymous_1)
FN:9,daDeleteButton
FN:27,link
FN:31,DeleteButtonController
FNF:4
FNH:1
FNDA:1,(anonymous_1)
FNDA:0,daDeleteButton
FNDA:0,link
FNDA:0,DeleteButtonController
DA:1,1
DA:4,1
DA:8,1
DA:9,1
DA:14,0
DA:25,0
DA:27,1
DA:31,1
LF:8
LH:6
BRF:0
BRH:0
end_of_record
TN:
SF:/var/www/html/app-tpl/src/client/app/widgets/buttons/da-new-button.directive.js
FN:1,(anonymous_1)
FN:9,daNewButton
FN:27,link
FN:31,NewButtonController
FNF:4
FNH:1
FNDA:1,(anonymous_1)
FNDA:0,daNewButton
FNDA:0,link
FNDA:0,NewButtonController
DA:1,1
DA:4,1
DA:8,1
DA:9,1
DA:14,0
DA:25,0
DA:27,1
DA:31,1
LF:8
LH:6
BRF:0
BRH:0
end_of_record
TN:
SF:/var/www/html/app-tpl/src/client/app/widgets/buttons/da-print-button.directive.js
FN:1,(anonymous_1)
FN:9,daPrintButton
FN:27,link
FN:31,PrintButtonController
FNF:4
FNH:1
FNDA:1,(anonymous_1)
FNDA:0,daPrintButton
FNDA:0,link
FNDA:0,PrintButtonController
DA:1,1
DA:4,1
DA:8,1
DA:9,1
DA:14,0
DA:25,0
DA:27,1
DA:31,1
LF:8
LH:6
BRF:0
BRH:0
end_of_record
TN:
SF:/var/www/html/app-tpl/src/client/app/widgets/buttons/da-save-button.directive.js
FN:1,(anonymous_1)
FN:9,daSaveButton
FN:27,link
FN:31,SaveButtonController
FNF:4
FNH:1
FNDA:1,(anonymous_1)
FNDA:0,daSaveButton
FNDA:0,link
FNDA:0,SaveButtonController
DA:1,1
DA:4,1
DA:8,1
DA:9,1
DA:14,0
DA:25,0
DA:27,1
DA:31,1
LF:8
LH:6
BRF:0
BRH:0
end_of_record
TN:
SF:/var/www/html/app-tpl/src/client/app/widgets/buttons/da-search-button.directive.js
FN:1,(anonymous_1)
FN:9,daSearchButton
FN:27,link
FN:31,SearchButtonController
FNF:4
FNH:1
FNDA:1,(anonymous_1)
FNDA:0,daSearchButton
FNDA:0,link
FNDA:0,SearchButtonController
DA:1,1
DA:4,1
DA:8,1
DA:9,1
DA:14,0
DA:25,0
DA:27,1
DA:31,1
LF:8
LH:6
BRF:0
BRH:0
end_of_record
TN:
SF:/var/www/html/app-tpl/src/client/app/widgets/da-basic-window.directive.js
FN:1,(anonymous_1)
FN:9,daBasicWindow
FN:28,link
FN:32,BasicWindowController
FNF:4
FNH:1
FNDA:1,(anonymous_1)
FNDA:0,daBasicWindow
FNDA:0,link
FNDA:0,BasicWindowController
DA:1,1
DA:4,1
DA:8,1
DA:9,1
DA:14,0
DA:26,0
DA:28,1
DA:32,1
LF:8
LH:6
BRF:0
BRH:0
end_of_record
TN:
SF:/var/www/html/app-tpl/src/client/app/widgets/da-error-block.directive.js
FN:1,(anonymous_1)
FN:9,daErrorBlock
FN:28,link
FN:32,ErrorBlockController
FNF:4
FNH:1
FNDA:1,(anonymous_1)
FNDA:0,daErrorBlock
FNDA:0,link
FNDA:0,ErrorBlockController
DA:1,1
DA:4,1
DA:8,1
DA:9,1
DA:14,0
DA:26,0
DA:28,1
DA:32,1
DA:33,0
LF:9
LH:6
BRF:0
BRH:0
end_of_record
TN:
SF:/var/www/html/app-tpl/src/client/app/widgets/da-fecha.directive.js
FN:1,(anonymous_1)
FN:9,daFecha
FN:31,link
FN:37,FechaController
FN:52,activate
FN:55,openFecha
FNF:6
FNH:1
FNDA:1,(anonymous_1)
FNDA:0,daFecha
FNDA:0,link
FNDA:0,FechaController
FNDA:0,activate
FNDA:0,openFecha
DA:1,1
DA:4,1
DA:8,1
DA:9,1
DA:14,0
DA:29,0
DA:31,1
DA:35,1
DA:37,1
DA:39,0
DA:40,0
DA:41,0
DA:42,0
DA:46,0
DA:47,0
DA:48,0
DA:52,1
DA:55,1
DA:56,0
LF:19
LH:9
BRF:0
BRH:0
end_of_record
TN:
SF:/var/www/html/app-tpl/src/client/app/widgets/da-head-table.directive.js
FN:1,(anonymous_1)
FN:9,daHeadTable
FN:29,link
FN:33,HeadTableController
FN:37,(anonymous_5)
FN:44,(anonymous_6)
FNF:6
FNH:1
FNDA:1,(anonymous_1)
FNDA:0,daHeadTable
FNDA:0,link
FNDA:0,HeadTableController
FNDA:0,(anonymous_5)
FNDA:0,(anonymous_6)
DA:1,1
DA:4,1
DA:8,1
DA:9,1
DA:14,0
DA:27,0
DA:29,1
DA:33,1
DA:35,0
DA:37,0
DA:38,0
DA:39,0
DA:40,0
DA:44,0
DA:45,0
DA:46,0
DA:47,0
DA:48,0
DA:49,0
DA:52,0
LF:20
LH:6
BRDA:38,1,0,0
BRDA:38,1,1,0
BRDA:47,2,0,0
BRDA:47,2,1,0
BRF:4
BRH:0
end_of_record
TN:
SF:/var/www/html/app-tpl/src/client/app/widgets/da-info-bar.directive.js
FN:1,(anonymous_1)
FN:9,daInfoBar
FN:29,link
FN:33,InfoBarController
FNF:4
FNH:1
FNDA:1,(anonymous_1)
FNDA:0,daInfoBar
FNDA:0,link
FNDA:0,InfoBarController
DA:1,1
DA:4,1
DA:8,1
DA:9,1
DA:14,0
DA:27,0
DA:29,1
DA:33,1
DA:34,0
LF:9
LH:6
BRF:0
BRH:0
end_of_record
TN:
SF:/var/www/html/app-tpl/src/client/app/widgets/da-list-window.directive.js
FN:1,(anonymous_1)
FN:9,daListWindow
FN:29,link
FN:33,ListWindowController
FNF:4
FNH:1
FNDA:1,(anonymous_1)
FNDA:0,daListWindow
FNDA:0,link
FNDA:0,ListWindowController
DA:1,1
DA:4,1
DA:8,1
DA:9,1
DA:14,0
DA:27,0
DA:29,1
DA:33,1
LF:8
LH:6
BRF:0
BRH:0
end_of_record
TN:
SF:/var/www/html/app-tpl/src/client/app/widgets/da-new-window.directive.js
FN:1,(anonymous_1)
FN:9,daNewWindow
FN:29,link
FN:33,NewWindowController
FNF:4
FNH:1
FNDA:1,(anonymous_1)
FNDA:0,daNewWindow
FNDA:0,link
FNDA:0,NewWindowController
DA:1,1
DA:4,1
DA:8,1
DA:9,1
DA:14,0
DA:27,0
DA:29,1
DA:33,1
LF:8
LH:6
BRF:0
BRH:0
end_of_record
TN:
SF:/var/www/html/app-tpl/src/client/app/widgets/da-periodod.directive.js
FN:1,(anonymous_1)
FN:9,daPeriodo
FN:29,link
FN:35,PeriodoController
FN:56,activate
FN:59,openFechaDesde
FN:63,openFechaHasta
FN:67,updateMinDateFechaHasta
FN:71,updateMaxDateFechaDesde
FNF:9
FNH:1
FNDA:1,(anonymous_1)
FNDA:0,daPeriodo
FNDA:0,link
FNDA:0,PeriodoController
FNDA:0,activate
FNDA:0,openFechaDesde
FNDA:0,openFechaHasta
FNDA:0,updateMinDateFechaHasta
FNDA:0,updateMaxDateFechaDesde
DA:1,1
DA:4,1
DA:8,1
DA:9,1
DA:14,0
DA:27,0
DA:29,1
DA:33,1
DA:35,1
DA:37,0
DA:38,0
DA:39,0
DA:40,0
DA:41,0
DA:44,0
DA:47,0
DA:48,0
DA:49,0
DA:50,0
DA:51,0
DA:52,0
DA:56,1
DA:59,1
DA:60,0
DA:63,1
DA:64,0
DA:67,1
DA:68,0
DA:71,1
DA:72,0
LF:30
LH:12
BRF:0
BRH:0
end_of_record
TN:
SF:/var/www/html/app-tpl/src/client/app/widgets/da-search-window.directive.js
FN:1,(anonymous_1)
FN:9,daSearchWindow
FN:29,link
FN:33,SearchWindowController
FNF:4
FNH:1
FNDA:1,(anonymous_1)
FNDA:0,daSearchWindow
FNDA:0,link
FNDA:0,SearchWindowController
DA:1,1
DA:4,1
DA:8,1
DA:9,1
DA:14,0
DA:27,0
DA:29,1
DA:33,1
LF:8
LH:6
BRF:0
BRH:0
end_of_record
TN:
SF:/var/www/html/app-tpl/src/client/app/widgets/da-searchbox.directive.js
FN:1,(anonymous_1)
FN:9,daSearchbox
FN:27,link
FN:31,SearchBoxController
FNF:4
FNH:1
FNDA:1,(anonymous_1)
FNDA:0,daSearchbox
FNDA:0,link
FNDA:0,SearchBoxController
DA:1,1
DA:4,1
DA:8,1
DA:9,1
DA:14,0
DA:25,0
DA:27,1
DA:31,1
LF:8
LH:6
BRF:0
BRH:0
end_of_record
TN:
SF:/var/www/html/app-tpl/src/client/app/widgets/da-single-window.directive.js
FN:1,(anonymous_1)
FN:9,daSingleWindow
FN:30,link
FN:34,SingleWindowController
FNF:4
FNH:1
FNDA:1,(anonymous_1)
FNDA:0,daSingleWindow
FNDA:0,link
FNDA:0,SingleWindowController
DA:1,1
DA:4,1
DA:8,1
DA:9,1
DA:14,0
DA:28,0
DA:30,1
DA:34,1
LF:8
LH:6
BRF:0
BRH:0
end_of_record
